[    0.000000] Initializing cgroup subsys cpuset
[    0.000000] Initializing cgroup subsys cpu
[    0.000000] Initializing cgroup subsys cpuacct
[    0.000000] Linux version 4.4.0-210-generic (buildd@lgw01-amd64-009) (gcc version 5.4.0 20160609 (Ubuntu 5.4.0-6ubuntu1~16.04.12) ) #242-Ubuntu SMP Fri Apr 16 09:57:56 UTC 2021 (Ubuntu 4.4.0-210.242-generic 4.4.262)
[    0.000000] Command line: BOOT_IMAGE=/boot/vmlinuz-4.4.0-210-generic root=LABEL=cloudimg-rootfs ro console=tty1 console=ttyS0
[    0.000000] KERNEL supported cpus:
[    0.000000]   Intel GenuineIntel
[    0.000000]   AMD AuthenticAMD
[    0.000000]   Centaur CentaurHauls
[    0.000000] x86/fpu: Legacy x87 FPU detected.
[    0.000000] e820: BIOS-provided physical RAM map:
[    0.000000] BIOS-e820: [mem 0x0000000000000000-0x000000000009fbff] usable
[    0.000000] BIOS-e820: [mem 0x000000000009fc00-0x000000000009ffff] reserved
[    0.000000] BIOS-e820: [mem 0x00000000000f0000-0x00000000000fffff] reserved
[    0.000000] BIOS-e820: [mem 0x0000000000100000-0x000000003ffeffff] usable
[    0.000000] BIOS-e820: [mem 0x000000003fff0000-0x000000003fffffff] ACPI data
[    0.000000] BIOS-e820: [mem 0x00000000fec00000-0x00000000fec00fff] reserved
[    0.000000] BIOS-e820: [mem 0x00000000fee00000-0x00000000fee00fff] reserved
[    0.000000] BIOS-e820: [mem 0x00000000fffc0000-0x00000000ffffffff] reserved
[    0.000000] NX (Execute Disable) protection: active
[    0.000000] SMBIOS 2.5 present.
[    0.000000] Hypervisor detected: KVM
[    0.000000] Kernel/User page tables isolation: disabled
[    0.000000] e820: last_pfn = 0x3fff0 max_arch_pfn = 0x400000000
[    0.000000] MTRR: Disabled
[    0.000000] x86/PAT: MTRRs disabled, skipping PAT initialization too.
[    0.000000] CPU MTRRs all blank - virtualized system.
[    0.000000] x86/PAT: Configuration [0-7]: WB  WT  UC- UC  WB  WT  UC- UC  
[    0.000000] found SMP MP-table at [mem 0x0009fff0-0x0009ffff] mapped at [ffff88000009fff0]
[    0.000000] Scanning 1 areas for low memory corruption
[    0.000000] RAMDISK: [mem 0x362de000-0x37166fff]
[    0.000000] ACPI: Early table checksum verification disabled
[    0.000000] ACPI: RSDP 0x00000000000E0000 000024 (v02 VBOX  )
[    0.000000] ACPI: XSDT 0x000000003FFF0030 00003C (v01 VBOX   VBOXXSDT 00000001 ASL  00000061)
[    0.000000] ACPI: FACP 0x000000003FFF00F0 0000F4 (v04 VBOX   VBOXFACP 00000001 ASL  00000061)
[    0.000000] ACPI: DSDT 0x000000003FFF0470 002325 (v02 VBOX   VBOXBIOS 00000002 INTL 20100528)
[    0.000000] ACPI: FACS 0x000000003FFF0200 000040
[    0.000000] ACPI: FACS 0x000000003FFF0200 000040
[    0.000000] ACPI: APIC 0x000000003FFF0240 00005C (v02 VBOX   VBOXAPIC 00000001 ASL  00000061)
[    0.000000] ACPI: SSDT 0x000000003FFF02A0 0001CC (v01 VBOX   VBOXCPUT 00000002 INTL 20100528)
[    0.000000] No NUMA configuration found
[    0.000000] Faking a node at [mem 0x0000000000000000-0x000000003ffeffff]
[    0.000000] NODE_DATA(0) allocated [mem 0x3ffeb000-0x3ffeffff]
[    0.000000] kvm-clock: Using msrs 4b564d01 and 4b564d00
[    0.000000] kvm-clock: cpu 0, msr 0:3ffe3001, primary cpu clock
[    0.000000] kvm-clock: using sched offset of 4107636214 cycles
[    0.000000] clocksource: kvm-clock: mask: 0xffffffffffffffff max_cycles: 0x1cd42e4dffb, max_idle_ns: 881590591483 ns
[    0.000000] Zone ranges:
[    0.000000]   DMA      [mem 0x0000000000001000-0x0000000000ffffff]
[    0.000000]   DMA32    [mem 0x0000000001000000-0x000000003ffeffff]
[    0.000000]   Normal   empty
[    0.000000]   Device   empty
[    0.000000] Movable zone start for each node
[    0.000000] Early memory node ranges
[    0.000000]   node   0: [mem 0x0000000000001000-0x000000000009efff]
[    0.000000]   node   0: [mem 0x0000000000100000-0x000000003ffeffff]
[    0.000000] Initmem setup node 0 [mem 0x0000000000001000-0x000000003ffeffff]
[    0.000000] ACPI: PM-Timer IO Port: 0x4008
[    0.000000] IOAPIC[0]: apic_id 2, version 32, address 0xfec00000, GSI 0-23
[    0.000000] ACPI: INT_SRC_OVR (bus 0 bus_irq 0 global_irq 2 dfl dfl)
[    0.000000] ACPI: INT_SRC_OVR (bus 0 bus_irq 9 global_irq 9 low level)
[    0.000000] Using ACPI (MADT) for SMP configuration information
[    0.000000] smpboot: Allowing 2 CPUs, 0 hotplug CPUs
[    0.000000] PM: Registered nosave memory: [mem 0x00000000-0x00000fff]
[    0.000000] PM: Registered nosave memory: [mem 0x0009f000-0x0009ffff]
[    0.000000] PM: Registered nosave memory: [mem 0x000a0000-0x000effff]
[    0.000000] PM: Registered nosave memory: [mem 0x000f0000-0x000fffff]
[    0.000000] e820: [mem 0x40000000-0xfebfffff] available for PCI devices
[    0.000000] Booting paravirtualized kernel on KVM
[    0.000000] clocksource: refined-jiffies: mask: 0xffffffff max_cycles: 0xffffffff, max_idle_ns: 7645519600211568 ns
[    0.000000] setup_percpu: NR_CPUS:512 nr_cpumask_bits:512 nr_cpu_ids:2 nr_node_ids:1
[    0.000000] PERCPU: Embedded 33 pages/cpu @ffff88003fc00000 s95192 r8192 d31784 u1048576
[    0.000000] Built 1 zonelists in Node order, mobility grouping on.  Total pages: 257912
[    0.000000] Policy zone: DMA32
[    0.000000] Kernel command line: BOOT_IMAGE=/boot/vmlinuz-4.4.0-210-generic root=LABEL=cloudimg-rootfs ro console=tty1 console=ttyS0
[    0.000000] PID hash table entries: 4096 (order: 3, 32768 bytes)
[    0.000000] Memory: 997796K/1048120K available (8644K kernel code, 1332K rwdata, 4044K rodata, 1492K init, 1164K bss, 50324K reserved, 0K cma-reserved)
[    0.000000] SLUB: HWalign=64, Order=0-3, MinObjects=0, CPUs=2, Nodes=1
[    0.000000] Hierarchical RCU implementation.
[    0.000000] 	Build-time adjustment of leaf fanout to 64.
[    0.000000] 	RCU restricting CPUs from NR_CPUS=512 to nr_cpu_ids=2.
[    0.000000] RCU: Adjusting geometry for rcu_fanout_leaf=64, nr_cpu_ids=2
[    0.000000] NR_IRQS:33024 nr_irqs:440 16
[    0.000000] Console: colour VGA+ 80x25
[    0.000000] console [tty1] enabled
[    0.000000] console [ttyS0] enabled
[    0.000000] tsc: Detected 1800.006 MHz processor
[    0.499229] Calibrating delay loop (skipped) preset value.. 3600.01 BogoMIPS (lpj=7200024)
[    0.506460] pid_max: default: 32768 minimum: 301
[    0.510115] ACPI: Core revision 20150930
[    0.514149] ACPI: 2 ACPI AML tables successfully acquired and loaded
[    0.520420] Security Framework initialized
[    0.524101] Yama: becoming mindful.
[    0.527708] AppArmor: AppArmor initialized
[    0.530989] Dentry cache hash table entries: 131072 (order: 8, 1048576 bytes)
[    0.541798] Inode-cache hash table entries: 65536 (order: 7, 524288 bytes)
[    0.549147] Mount-cache hash table entries: 2048 (order: 2, 16384 bytes)
[    0.554544] Mountpoint-cache hash table entries: 2048 (order: 2, 16384 bytes)
[    0.560664] Initializing cgroup subsys io
[    0.565022] Initializing cgroup subsys memory
[    0.569027] Initializing cgroup subsys devices
[    0.572770] Initializing cgroup subsys freezer
[    0.576679] Initializing cgroup subsys net_cls
[    0.580082] Initializing cgroup subsys perf_event
[    0.583439] Initializing cgroup subsys net_prio
[    0.587526] Initializing cgroup subsys hugetlb
[    0.591156] Initializing cgroup subsys pids
[    0.595064] mce: CPU supports 0 MCE banks
[    0.598238] Last level iTLB entries: 4KB 64, 2MB 8, 4MB 8
[    0.602892] Last level dTLB entries: 4KB 64, 2MB 0, 4MB 0, 1GB 4
[    0.607407] Spectre V1 : Mitigation: usercopy/swapgs barriers and __user pointer sanitization
[    0.613463] Spectre V2 : Mitigation: Enhanced IBRS
[    0.617529] Spectre V2 : Spectre v2 / SpectreRSB mitigation: Filling RSB on context switch
[    0.623364] Speculative Store Bypass: Vulnerable
[    0.658106] Freeing SMP alternatives memory: 36K
[    0.729130] ftrace: allocating 32380 entries in 127 pages
[    1.191325] smpboot: APIC(0) Converting physical 0 to logical package 0
[    1.196485] smpboot: Max logical packages: 1
[    1.211156] ..TIMER: vector=0x30 apic1=0 pin1=2 apic2=-1 pin2=-1
[    1.324869] smpboot: CPU0: Intel(R) Core(TM) i5-8265U CPU @ 1.60GHz (family: 0x6, model: 0x8e, stepping: 0xc)
[    1.333213] Performance Events: unsupported p6 CPU model 142 no PMU driver, software events only.
[    1.412275] KVM setup paravirtual spinlock
[    1.420346] x86: Booting SMP configuration:
[    1.423977] .... node  #0, CPUs:      #1
[    1.428094] kvm-clock: cpu 1, msr 0:3ffe3041, secondary cpu clock
[    1.431835] mce: CPU supports 0 MCE banks
[    1.435217] TSC synchronization [CPU#0 -> CPU#1]:
[    1.438679] Measured 54130 cycles TSC warp between CPUs, turning off TSC clock.
[    1.443612] tsc: Marking TSC unstable due to check_tsc_sync_source failed
[    0.474814] x86: Booted up 1 node, 2 CPUs
[    0.476005] smpboot: Total of 2 processors activated (7200.02 BogoMIPS)
[    0.485994] devtmpfs: initialized
[    0.493149] evm: security.selinux
[    0.496014] evm: security.SMACK64
[    0.498495] evm: security.SMACK64EXEC
[    0.500005] evm: security.SMACK64TRANSMUTE
[    0.504005] evm: security.SMACK64MMAP
[    0.508006] evm: security.ima
[    0.510626] evm: security.capability
[    0.512277] clocksource: jiffies: mask: 0xffffffff max_cycles: 0xffffffff, max_idle_ns: 7645041785100000 ns
[    0.516016] futex hash table entries: 512 (order: 3, 32768 bytes)
[    0.524126] pinctrl core: initialized pinctrl subsystem
[    0.528368] RTC time: 16:08:51, date: 07/16/21
[    0.532899] NET: Registered protocol family 16
[    0.548018] cpuidle: using governor ladder
[    0.564017] cpuidle: using governor menu
[    0.568099] PCCT header not found.
[    0.570717] ACPI: bus type PCI registered
[    0.572003] acpiphp: ACPI Hot Plug PCI Controller Driver version: 0.5
[    0.576402] PCI: Using configuration type 1 for base access
[    0.600479] ACPI: Added _OSI(Module Device)
[    0.604003] ACPI: Added _OSI(Processor Device)
[    0.608003] ACPI: Added _OSI(3.0 _SCP Extensions)
[    0.612002] ACPI: Added _OSI(Processor Aggregator Device)
[    0.617026] ACPI: Executed 1 blocks of module-level executable AML code
[    0.625926] ACPI: Interpreter enabled
[    0.628010] ACPI: (supports S0 S5)
[    0.630526] ACPI: Using IOAPIC for interrupt routing
[    0.636215] PCI: Using host bridge windows from ACPI; if necessary, use "pci=nocrs" and report a bug
[    0.649289] ACPI: PCI Root Bridge [PCI0] (domain 0000 [bus 00-ff])
[    0.652009] acpi PNP0A03:00: _OSC: OS supports [ASPM ClockPM Segments MSI]
[    0.660431] acpi PNP0A03:00: _OSC: not requesting OS control; OS requires [ExtendedConfig ASPM ClockPM MSI]
[    0.664009] acpi PNP0A03:00: fail to add MMCONFIG information, can't access extended PCI configuration space under this bridge.
[    0.672450] PCI host bridge to bus 0000:00
[    0.675711] pci_bus 0000:00: root bus resource [io  0x0000-0x0cf7 window]
[    0.676004] pci_bus 0000:00: root bus resource [io  0x0d00-0xffff window]
[    0.680005] pci_bus 0000:00: root bus resource [mem 0x000a0000-0x000bffff window]
[    0.684003] pci_bus 0000:00: root bus resource [mem 0x40000000-0xfdffffff window]
[    0.688004] pci_bus 0000:00: root bus resource [bus 00-ff]
[    0.697248] pci 0000:00:01.1: legacy IDE quirk: reg 0x10: [io  0x01f0-0x01f7]
[    0.700003] pci 0000:00:01.1: legacy IDE quirk: reg 0x14: [io  0x03f6]
[    0.704003] pci 0000:00:01.1: legacy IDE quirk: reg 0x18: [io  0x0170-0x0177]
[    0.708003] pci 0000:00:01.1: legacy IDE quirk: reg 0x1c: [io  0x0376]
[    0.785262] pci 0000:00:07.0: quirk: [io  0x4000-0x403f] claimed by PIIX4 ACPI
[    0.800031] pci 0000:00:07.0: quirk: [io  0x4100-0x410f] claimed by PIIX4 SMB
[    0.822277] ACPI: PCI Interrupt Link [LNKA] (IRQs 5 9 10 *11)
[    0.836418] ACPI: PCI Interrupt Link [LNKB] (IRQs 5 9 *10 11)
[    0.872174] ACPI: PCI Interrupt Link [LNKC] (IRQs 5 *9 10 11)
[    0.884986] ACPI: PCI Interrupt Link [LNKD] (IRQs 5 9 10 *11)
[    0.897843] ACPI: Enabled 2 GPEs in block 00 to 07
[    0.908100] vgaarb: setting as boot device: PCI:0000:00:02.0
[    0.912000] vgaarb: device added: PCI:0000:00:02.0,decodes=io+mem,owns=io+mem,locks=none
[    0.924004] vgaarb: loaded
[    0.928002] vgaarb: bridge control possible 0000:00:02.0
[    0.932474] SCSI subsystem initialized
[    0.940133] ACPI: bus type USB registered
[    0.944020] usbcore: registered new interface driver usbfs
[    0.952030] usbcore: registered new interface driver hub
[    0.956013] usbcore: registered new device driver usb
[    0.964201] PCI: Using ACPI for IRQ routing
[    0.972713] NetLabel: Initializing
[    0.976002] NetLabel:  domain hash size = 128
[    0.984002] NetLabel:  protocols = UNLABELED CIPSOv4
[    0.992014] NetLabel:  unlabeled traffic allowed by default
[    0.996091] amd_nb: Cannot enumerate AMD northbridges
[    1.000236] clocksource: Switched to clocksource kvm-clock
[    1.037619] AppArmor: AppArmor Filesystem Enabled
[    1.042131] pnp: PnP ACPI init
[    1.045949] pnp: PnP ACPI: found 3 devices
[    1.057235] clocksource: acpi_pm: mask: 0xffffff max_cycles: 0xffffff, max_idle_ns: 2085701024 ns
[    1.064290] NET: Registered protocol family 2
[    1.068818] TCP established hash table entries: 8192 (order: 4, 65536 bytes)
[    1.074656] TCP bind hash table entries: 8192 (order: 5, 131072 bytes)
[    1.078618] TCP: Hash tables configured (established 8192 bind 8192)
[    1.078618] UDP hash table entries: 512 (order: 2, 16384 bytes)
[    1.078618] UDP-Lite hash table entries: 512 (order: 2, 16384 bytes)
[    1.078618] NET: Registered protocol family 1
[    1.078618] pci 0000:00:00.0: Limiting direct PCI/PCI transfers
[    1.078618] pci 0000:00:01.0: Activating ISA DMA hang workarounds
[    1.078618] Unpacking initramfs...
[    1.078618] Freeing initrd memory: 14884K
[    1.078618] clocksource: tsc: mask: 0xffffffffffffffff max_cycles: 0x19f22f68897, max_idle_ns: 440795282550 ns
[    1.078618] platform rtc_cmos: registered platform RTC device (no PNP device found)
[    1.078618] Scanning for low memory corruption every 60 seconds
[    1.514824] audit: initializing netlink subsys (disabled)
[    1.519507] audit: type=2000 audit(1626451736.881:1): initialized
[    1.524227] Initialise system trusted keyring
[    1.529276] HugeTLB registered 2 MB page size, pre-allocated 0 pages
[    1.536233] zbud: loaded
[    1.538948] VFS: Disk quotas dquot_6.6.0
[    1.541922] VFS: Dquot-cache hash table entries: 512 (order 0, 4096 bytes)
[    1.546932] squashfs: version 4.0 (2009/01/31) Phillip Lougher
[    1.552748] fuse init (API version 7.23)
[    1.557234] Key type big_key registered
[    1.561192] Allocating IMA MOK and blacklist keyrings.
[    1.575818] Key type asymmetric registered
[    1.579230] Asymmetric key parser 'x509' registered
[    1.583444] Block layer SCSI generic (bsg) driver version 0.4 loaded (major 249)
[    1.589922] io scheduler noop registered
[    1.593219] io scheduler deadline registered (default)
[    1.598512] io scheduler cfq registered
[    1.601969] pci_hotplug: PCI Hot Plug PCI Core version: 0.5
[    1.606355] pciehp: PCI Express Hot Plug Controller Driver version: 0.4
[    1.611951] ACPI: AC Adapter [AC] (on-line)
[    1.615964] input: Power Button as /devices/LNXSYSTM:00/LNXPWRBN:00/input/input0
[    1.621796] ACPI: Power Button [PWRF]
[    1.624704] input: Sleep Button as /devices/LNXSYSTM:00/LNXSLPBN:00/input/input1
[    1.630377] ACPI: Sleep Button [SLPF]
[    1.635271] ACPI: Battery Slot [BAT0] (battery present)
[    1.640216] GHES: HEST is not enabled!
[    1.644219] Serial: 8250/16550 driver, 32 ports, IRQ sharing enabled
[    1.676957] 00:02: ttyS0 at I/O 0x3f8 (irq = 4, base_baud = 115200) is a 16550A
[    1.686121] Linux agpgart interface v0.103
[    1.701067] loop: module loaded
[    1.707527] scsi host0: ata_piix
[    1.712116] scsi host1: ata_piix
[    1.715219] ata1: PATA max UDMA/33 cmd 0x1f0 ctl 0x3f6 bmdma 0xd000 irq 14
[    1.720481] ata2: PATA max UDMA/33 cmd 0x170 ctl 0x376 bmdma 0xd008 irq 15
[    1.726548] libphy: Fixed MDIO Bus: probed
[    1.730200] tun: Universal TUN/TAP device driver, 1.6
[    1.734645] tun: (C) 1999-2004 Max Krasnyansky <maxk@qualcomm.com>
[    1.740146] PPP generic driver version 2.4.2
[    1.743928] ehci_hcd: USB 2.0 'Enhanced' Host Controller (EHCI) Driver
[    1.749477] ehci-pci: EHCI PCI platform driver
[    1.753851] ehci-platform: EHCI generic platform driver
[    1.758477] ohci_hcd: USB 1.1 'Open' Host Controller (OHCI) Driver
[    1.763212] ohci-pci: OHCI PCI platform driver
[    1.766872] ohci-platform: OHCI generic platform driver
[    1.771438] uhci_hcd: USB Universal Host Controller Interface driver
[    1.777090] i8042: PNP: PS/2 Controller [PNP0303:PS2K,PNP0f03:PS2M] at 0x60,0x64 irq 1,12
[    1.786203] serio: i8042 KBD port at 0x60,0x64 irq 1
[    1.790788] serio: i8042 AUX port at 0x60,0x64 irq 12
[    1.795360] mousedev: PS/2 mouse device common for all mice
[    1.801619] input: AT Translated Set 2 keyboard as /devices/platform/i8042/serio0/input/input2
[    1.809319] rtc_cmos rtc_cmos: rtc core: registered rtc_cmos as rtc0
[    1.815563] rtc_cmos rtc_cmos: alarms up to one day, 114 bytes nvram
[    1.820597] i2c /dev entries driver
[    1.823689] device-mapper: uevent: version 1.0.3
[    1.827546] device-mapper: ioctl: 4.34.0-ioctl (2015-10-28) initialised: dm-devel@redhat.com
[    1.833638] ledtrig-cpu: registered to indicate activity on CPUs
[    1.840997] NET: Registered protocol family 10
[    1.844767] NET: Registered protocol family 17
[    1.847846] Key type dns_resolver registered
[    1.853331] registered taskstats version 1
[    1.856415] Loading compiled-in X.509 certificates
[    1.860497] Loaded X.509 cert 'Build time autogenerated kernel key: cf00e047681d67edb2720680708b7d9498083038'
[    1.867687] zswap: loaded using pool lzo/zbud
[    1.875482] Key type trusted registered
[    1.934240] Key type encrypted registered
[    1.938177] AppArmor: AppArmor sha1 policy hashing enabled
[    1.942360] ima: No TPM chip found, activating TPM-bypass!
[    1.946645] ima: Allocated hash algorithm: sha1
[    1.950300] evm: HMAC attrs: 0x1
[    1.954709]   Magic number: 13:968:135
[    1.958620] rtc_cmos rtc_cmos: setting system clock to 2021-07-16 16:08:53 UTC (1626451733)
[    1.965516] BIOS EDD facility v0.16 2004-Jun-25, 0 devices found
[    1.970544] EDD information not available.
[    1.976117] Freeing unused kernel memory: 1492K
[    1.980224] Write protecting the kernel read-only data: 14336k
[    1.985539] Freeing unused kernel memory: 1584K
[    1.989472] Freeing unused kernel memory: 52K
Loading, please wait...
starting version 229
[    2.016822] random: systemd-udevd: uninitialized urandom read (16 bytes read, 5 bits of entropy available)
[    2.016989] random: udevadm: uninitialized urandom read (16 bytes read, 5 bits of entropy available)
[    2.017001] random: udevadm: uninitialized urandom read (16 bytes read, 5 bits of entropy available)
[    2.027386] random: udevadm: uninitialized urandom read (16 bytes read, 5 bits of entropy available)
[    2.027414] random: udevadm: uninitialized urandom read (16 bytes read, 5 bits of entropy available)
[    2.027538] random: udevadm: uninitialized urandom read (16 bytes read, 5 bits of entropy available)
[    2.027573] random: udevadm: uninitialized urandom read (16 bytes read, 5 bits of entropy available)
[    2.027643] random: udevadm: uninitialized urandom read (16 bytes read, 5 bits of entropy available)
[    2.027680] random: udevadm: uninitialized urandom read (16 bytes read, 5 bits of entropy available)
[    2.027753] random: udevadm: uninitialized urandom read (16 bytes read, 5 bits of entropy available)
[    2.125968] e1000: Intel(R) PRO/1000 Network Driver - version 7.3.21-k8-NAPI
[    2.131926] e1000: Copyright (c) 1999-2006 Intel Corporation.
[    2.140054] Fusion MPT base driver 3.04.20
[    2.144232] Copyright (c) 1999-2008 LSI Corporation
[    2.159469] Fusion MPT SPI Host driver 3.04.20
[    2.392935] input: ImExPS/2 Generic Explorer Mouse as /devices/platform/i8042/serio1/input/input4
[    2.745075] e1000 0000:00:03.0 eth0: (PCI:33MHz:32-bit) 02:0f:93:65:62:e0
[    2.750764] e1000 0000:00:03.0 eth0: Intel(R) PRO/1000 Network Connection
[    2.758838] mptbase: ioc0: Initiating bringup
[    2.826606] ioc0: LSI53C1030 A0: Capabilities={Initiator}
[    3.012518] scsi host2: ioc0: LSI53C1030 A0, FwRev=00000000h, Ports=1, MaxQ=256, IRQ=20
[    3.133550] scsi 2:0:0:0: Direct-Access     VBOX     HARDDISK         1.0  PQ: 0 ANSI: 5
[    3.142775] scsi target2:0:0: Beginning Domain Validation
[    3.154227] scsi target2:0:0: Domain Validation skipping write tests
[    3.159681] scsi target2:0:0: Ending Domain Validation
[    3.164840] scsi target2:0:0: asynchronous
[    3.170861] scsi 2:0:1:0: Direct-Access     VBOX     HARDDISK         1.0  PQ: 0 ANSI: 5
[    3.177753] scsi target2:0:1: Beginning Domain Validation
[    3.189993] scsi target2:0:1: Domain Validation skipping write tests
[    3.195759] scsi target2:0:1: Ending Domain Validation
[    3.200010] scsi target2:0:1: asynchronous
[    3.237749] sd 2:0:0:0: Attached scsi generic sg0 type 0
[    3.242509] sd 2:0:0:0: [sda] 83886080 512-byte logical blocks: (42.9 GB/40.0 GiB)
[    3.248333] sd 2:0:1:0: Attached scsi generic sg1 type 0
[    3.253514] sd 2:0:0:0: [sda] Write Protect is off
[    3.257893] sd 2:0:1:0: [sdb] 20480 512-byte logical blocks: (10.5 MB/10.0 MiB)
[    3.264234] sd 2:0:0:0: [sda] Incomplete mode parameter data
[    3.272448] sd 2:0:0:0: [sda] Assuming drive cache: write through
[    3.278156] sd 2:0:1:0: [sdb] Write Protect is off
[    3.282738] sd 2:0:1:0: [sdb] Incomplete mode parameter data
[    3.286781] sd 2:0:1:0: [sdb] Assuming drive cache: write through
[    3.294603]  sda: sda1
[    3.298364] sd 2:0:0:0: [sda] Attached SCSI disk
[    3.306708] sd 2:0:1:0: [sdb] Attached SCSI disk
[    3.734589] e1000 0000:00:08.0 eth1: (PCI:33MHz:32-bit) 08:00:27:a2:50:35
[    3.740136] e1000 0000:00:08.0 eth1: Intel(R) PRO/1000 Network Connection
[    3.747078] e1000 0000:00:08.0 enp0s8: renamed from eth1
[    3.765513] e1000 0000:00:03.0 enp0s3: renamed from eth0
Begin: Loading essential drivers ... [    5.353657] md: linear personality registered for level -1
[    5.361416] md: multipath personality registered for level -4
[    5.369489] md: raid0 personality registered for level 0
[    5.385490] md: raid1 personality registered for level 1
[    5.460531] raid6: sse2x1   gen() 10442 MB/s
[    5.528128] raid6: sse2x1   xor()  6980 MB/s
[    5.601031] raid6: sse2x2   gen() 14504 MB/s
[    5.668492] raid6: sse2x2   xor()  9472 MB/s
[    5.736126] raid6: sse2x4   gen() 15465 MB/s
[    5.805108] raid6: sse2x4   xor() 10159 MB/s
[    5.808830] raid6: using algorithm sse2x4 gen() 15465 MB/s
[    5.812763] raid6: .... xor() 10159 MB/s, rmw enabled
[    5.816406] raid6: using ssse3x2 recovery algorithm
[    5.822379] xor: measuring software checksum speed
[    5.864699]    prefetch64-sse: 21408.000 MB/sec
[    5.908653]    generic_sse: 18989.000 MB/sec
[    5.913098] xor: using function: prefetch64-sse (21408.000 MB/sec)
[    5.919920] async_tx: api initialized (async)
[    5.958311] md: raid6 personality registered for level 6
[    5.963643] md: raid5 personality registered for level 5
[    5.967857] md: raid4 personality registered for level 4
[    5.989625] md: raid10 personality registered for level 10
done.
Begin: Running /scripts/init-premount ... done.
Begin: Mounting root file system ... Begin: Running /scripts/local-top ... done.
Begin: Running /scripts/local-premount ... [    6.059891] Btrfs loaded
Scanning for Btrfs filesystems
done.
Warning: fsck not present, so skipping root file system
[    6.119756] EXT4-fs (sda1): mounted filesystem with ordered data mode. Opts: (null)
done.
Begin: Running /scripts/local-bottom ... done.
Begin: Running /scripts/init-bottom ... done.
[    6.333654] systemd[1]: systemd 229 running in system mode. (+PAM +AUDIT +SELINUX +IMA +APPARMOR +SMACK +SYSVINIT +UTMP +LIBCRYPTSETUP +GCRYPT +GNUTLS +ACL +XZ -LZ4 +SECCOMP +BLKID +ELFUTILS +KMOD -IDN)
[    6.345808] systemd[1]: Detected virtualization oracle.
[    6.350062] systemd[1]: Detected architecture x86-64.

Welcome to [1mUbuntu 16.04.7 LTS[0m!

[    6.363095] systemd[1]: Set hostname to <ubuntu>.
[    6.372403] systemd[1]: Initializing machine ID from random generator.
[    6.376963] systemd[1]: Installed transient /etc/machine-id file.
[    6.609095] systemd[1]: Started Forward Password Requests to Wall Directory Watch.
[[0;32m  OK  [0m] Started Forward Password Requests to Wall Directory Watch.
[    6.619763] systemd[1]: Listening on Syslog Socket.
[[0;32m  OK  [0m] Listening on Syslog Socket.
[    6.626590] systemd[1]: Listening on Journal Audit Socket.
[[0;32m  OK  [0m] Listening on Journal Audit Socket.
[    6.634996] systemd[1]: Reached target User and Group Name Lookups.
[[0;32m  OK  [0m] Reached target User and Group Name Lookups.
[    6.644741] systemd[1]: Listening on fsck to fsckd communication Socket.
[[0;32m  OK  [0m] Listening on fsck to fsckd communication Socket.
[    6.654167] systemd[1]: Listening on Journal Socket (/dev/log).
[[0;32m  OK  [0m] Listening on Journal Socket (/dev/log).
[    6.663418] systemd[1]: Listening on Journal Socket.
[[0;32m  OK  [0m] Listening on Journal Socket.
[    6.672047] systemd[1]: Listening on Device-mapper event daemon FIFOs.
[[0;32m  OK  [0m] Listening on Device-mapper event daemon FIFOs.
[    6.680728] systemd[1]: Listening on /dev/initctl Compatibility Named Pipe.
[[0;32m  OK  [0m] Listening on /dev/initctl Compatibility Named Pipe.
[    6.690466] systemd[1]: Listening on udev Control Socket.
[[0;32m  OK  [0m] Listening on udev Control Socket.
[    6.699111] systemd[1]: Set up automount Arbitrary Executable File Formats File System Automount Point.
[[0;32m  OK  [0m] Set up automount Arbitrary Executab...ats File System Automount Point.
[    6.711300] systemd[1]: Reached target Encrypted Volumes.
[[0;32m  OK  [0m] Reached target Encrypted Volumes.
[    6.719658] systemd[1]: Listening on LVM2 poll daemon socket.
[[0;32m  OK  [0m] Listening on LVM2 poll daemon socket.
[    6.729037] systemd[1]: Created slice System Slice.
[[0;32m  OK  [0m] Created slice System Slice.
[    6.757311] systemd[1]: Starting Load Kernel Modules...
         Starting Load Kernel Modules...
[    6.774378] systemd[1]: Mounting POSIX Message Queue File System...
         Mounting POSIX Message Queue File System...
[    6.784106] systemd[1]: Starting Set console keymap...
[    6.789595] Loading iSCSI transport class v2.0-870.
         Starting Set console keymap...
[    6.797214] systemd[1]: Starting Create list of required static device nodes for the current kernel...
         Starting Create list of required st... nodes for the current kernel...
[    6.813684] systemd[1]: Starting Nameserver information manager...
         Starting Nameserver information manager...[    6.826111] iscsi: registered transport (tcp)

[    6.830338] systemd[1]: Starting Journal Service...
         Starting Journal Service...
[    6.842601] systemd[1]: Starting Uncomplicated firewall...
         Starting Uncomplicated firewall...
[    6.853602] systemd[1]: Mounting Huge Pages File System...
         Mounting Huge Pages File System...
[    6.863836] systemd[1]: Created slice system-serial\x2dgetty.slice.
[[0;32m  OK  [0m] Created slice system-serial\x2dgetty.slice.
[    6.912587] systemd[1]: Mounting Debug File System...
         Mounting Debug File System...
[    6.927478] systemd[1]: Reached target Swap.
[[0;32m  OK  [0m] Reached target Swap.
[    6.938716] systemd[1]: Listening on LVM2 metadata daemon socket.
[[0;32m  OK  [0m] Listening on LVM2 metadata daemon socket.
[    6.976535] systemd[1]: Starting Monitoring of LVM2 mirrors, snapshots etc. using dmeventd or progress polling...
         Starting Monitoring of LVM2 mirrors... dmeventd or progress polling...
[    6.994184] systemd[1]: Created slice User and Session Slice.
[[0;32m  OK  [0m] Created slice User and Session Slice.
[    7.008145] systemd[1]: Reached target Slices.
[[0;32m  OK  [0m] [    7.015435] iscsi: registered transport (iser)
Reached target Slices.
[    7.022513] systemd[1]: Reached target System Time Synchronized.
[[0;32m  OK  [0m] Reached target System Time Synchronized.
[    7.044872] systemd[1]: Starting File System Check on Root Device...
         Starting File System Check on Root Device...
[    7.055627] systemd[1]: Listening on udev Kernel Socket.
[[0;32m  OK  [0m] Listening on udev Kernel Socket.
[    7.066081] systemd[1]: Started Trigger resolvconf update for networkd DNS.
[[0;32m  OK  [0m] Started Trigger resolvconf update for networkd DNS.
[    7.079229] systemd[1]: Mounted Huge Pages File System.
[[0;32m  OK  [0m] Mounted Huge Pages File System.
[    7.098380] systemd[1]: Mounted Debug File System.
[[0;32m  OK  [0m] Mounted Debug File System.
[    7.109298] systemd[1]: Mounted POSIX Message Queue File System.
[[0;32m  OK  [0m] Mounted POSIX Message Queue File System.
[    7.118424] systemd[1]: Started Journal Service.
[[0;32m  OK  [0m] Started Journal Service.
[[0;32m  OK  [0m] Started Load Kernel Modules.
[[0;32m  OK  [0m] Started Set console keymap.
[[0;32m  OK  [0m] Started Create list of required sta...ce nodes for the current kernel.
[[0;32m  OK  [0m] Started Uncomplicated firewall.
[[0;32m  OK  [0m] Started File System Check on Root Device.
[[0;32m  OK  [0m] Started Nameserver information manager.
[[0;32m  OK  [0m] Started File System Check Daemon to report status.
[[0;32m  OK  [0m] Started LVM2 metadata daemon.
         Starting Remount Root and Kernel File Systems...
[    7.207593] EXT4-fs (sda1): re-mounted. Opts: (null)
         Starting Create Static Device Nodes in /dev...
         Starting Apply Kernel Variables...
         Mounting FUSE Control File System...
[[0;32m  OK  [0m] Mounted FUSE Control File System.
[[0;32m  OK  [0m] Started Remount Root and Kernel File Systems.
[[0;32m  OK  [0m] Started Create Static Device Nodes in /dev.
[[0;32m  OK  [0m] Started Apply Kernel Variables.
         Starting udev Kernel Device Manager...
         Starting udev Coldplug all Devices...
         Starting Flush Journal to Persistent Storage...
         Starting Load/Save Random Seed...
[[0;32m  OK  [0m] Started Load/Save Random Seed.
[[0;32m  OK  [0m] Started udev Kernel Device Manager.
[[0;32m  OK  [0m] Started Flush Journal to Persistent Storage.
[[0;32m  OK  [0m] Started udev Coldplug all Devices.
[[0;32m  OK  [0m] Started Dispatch Password Requests to Console Directory Watch.
[[0;32m  OK  [0m] Started Monitoring of LVM2 mirrors,...ng dmeventd or progress polling.
[[0;32m  OK  [0m] Reached target Local File Systems (Pre).
[[0;32m  OK  [0m] Reached target Local File Systems.
         Starting Set console font and keymap...
         Starting Initial cloud-init job (pre-networking)...
         Starting Create Volatile Files and Directories...
         Starting LSB: AppArmor initialization...
         Starting Tell Plymouth To Write Out Runtime Data...
         Starting Commit a transient machine-id on disk...
[[0;32m  OK  [0m] Started Create Volatile Files and Directories.
[[0;32m  OK  [0m] Started Tell Plymouth To Write Out Runtime Data.
         Starting Update UTMP about System Boot/Shutdown...
[[0;32m  OK  [0m] Started Commit a transient machine-id on disk.
[[0;32m  OK  [0m] Started Update UTMP about System Boot/Shutdown.
[[0;32m  OK  [0m] Found device /dev/ttyS0.
[[0;32m  OK  [0m] Listening on Load/Save RF Kill Switch Status /dev/rfkill Watch.
[[0;32m  OK  [0m] Started LSB: AppArmor initialization.
[    9.447096] cloud-init[474]: Cloud-init v. 21.1-19-gbad84ad4-0ubuntu1~16.04.2 running 'init-local' at Fri, 16 Jul 2021 16:09:00 +0000. Up 8.82 seconds.
